2026-04-24 19:31:57,410 INFO o.a.j.u.JMeterUtils: Setting Locale to en_EN
2026-04-24 19:31:57,464 INFO o.a.j.JMeter: Loading user properties from: C:\Users\user\Downloads\apache-jmeter-5.6.3\bin\user.properties
2026-04-24 19:31:57,468 INFO o.a.j.JMeter: Loading system properties from: C:\Users\user\Downloads\apache-jmeter-5.6.3\bin\system.properties
2026-04-24 19:31:57,469 INFO o.a.j.JMeter: Setting JMeter property: username=user31777039306200
2026-04-24 19:31:57,469 INFO o.a.j.JMeter: Setting JMeter property: password=pass3
2026-04-24 19:31:57,469 INFO o.a.j.JMeter: Setting JMeter property: accountId=16452
2026-04-24 19:31:57,492 INFO o.a.j.JMeter: Copyright (c) 1998-2024 The Apache Software Foundation
2026-04-24 19:31:57,492 INFO o.a.j.JMeter: Version 5.6.3
2026-04-24 19:31:57,493 INFO o.a.j.JMeter: java.version=22.0.1
2026-04-24 19:31:57,493 INFO o.a.j.JMeter: java.vm.name=Java HotSpot(TM) 64-Bit Server VM
2026-04-24 19:31:57,493 INFO o.a.j.JMeter: os.name=Windows 10
2026-04-24 19:31:57,494 INFO o.a.j.JMeter: os.arch=amd64
2026-04-24 19:31:57,494 INFO o.a.j.JMeter: os.version=10.0
2026-04-24 19:31:57,494 INFO o.a.j.JMeter: file.encoding=UTF-8
2026-04-24 19:31:57,495 INFO o.a.j.JMeter: java.awt.headless=true
2026-04-24 19:31:57,495 INFO o.a.j.JMeter: Max memory     =1073741824
2026-04-24 19:31:57,495 INFO o.a.j.JMeter: Available Processors =4
2026-04-24 19:31:57,515 INFO o.a.j.JMeter: Default Locale=English (EN)
2026-04-24 19:31:57,516 INFO o.a.j.JMeter: JMeter  Locale=English (EN)
2026-04-24 19:31:57,516 INFO o.a.j.JMeter: JMeterHome=C:\Users\user\Downloads\apache-jmeter-5.6.3
2026-04-24 19:31:57,516 INFO o.a.j.JMeter: user.dir  =C:\Users\user\IdeaProjects\Final_Internship_Projects\para_bank
2026-04-24 19:31:57,517 INFO o.a.j.JMeter: PWD       =C:\Users\user\IdeaProjects\Final_Internship_Projects\para_bank
2026-04-24 19:31:57,520 INFO o.a.j.JMeter: IP: 10.116.251.39 Name: DESKTOP-N52FEAH FullName: DESKTOP-N52FEAH
2026-04-24 19:31:57,553 INFO o.a.j.JMeter: Setting property 'jmeter.reportgenerator.outputdir' to:'C:\Users\user\IdeaProjects\Final_Internship_Projects\para_bank\target\HTML_Report_20260424_193155'
2026-04-24 19:31:57,559 INFO o.a.j.s.FileServer: Default base='C:\Users\user\IdeaProjects\Final_Internship_Projects\para_bank'
2026-04-24 19:31:57,563 INFO o.a.j.s.FileServer: Set new base='C:\Users\user\IdeaProjects\Final_Internship_Projects\para_bank\src\test\resources\jmeter'
2026-04-24 19:31:58,028 INFO o.a.j.s.SaveService: Testplan (JMX) version: 2.2. Testlog (JTL) version: 2.2
2026-04-24 19:31:58,094 INFO o.a.j.s.SaveService: Using SaveService properties version 5.0
2026-04-24 19:31:58,104 INFO o.a.j.s.SaveService: Using SaveService properties file encoding UTF-8
2026-04-24 19:31:58,111 INFO o.a.j.s.SaveService: Loading file: C:\Users\user\IdeaProjects\Final_Internship_Projects\para_bank\src\test\resources\jmeter\LoadTest.jmx
2026-04-24 19:31:58,236 INFO o.a.j.p.h.s.HTTPSamplerBase: Parser for text/html is org.apache.jmeter.protocol.http.parser.LagartoBasedHtmlParser
2026-04-24 19:31:58,236 INFO o.a.j.p.h.s.HTTPSamplerBase: Parser for application/xhtml+xml is org.apache.jmeter.protocol.http.parser.LagartoBasedHtmlParser
2026-04-24 19:31:58,237 INFO o.a.j.p.h.s.HTTPSamplerBase: Parser for application/xml is org.apache.jmeter.protocol.http.parser.LagartoBasedHtmlParser
2026-04-24 19:31:58,237 INFO o.a.j.p.h.s.HTTPSamplerBase: Parser for text/xml is org.apache.jmeter.protocol.http.parser.LagartoBasedHtmlParser
2026-04-24 19:31:58,237 INFO o.a.j.p.h.s.HTTPSamplerBase: Parser for text/vnd.wap.wml is org.apache.jmeter.protocol.http.parser.RegexpHTMLParser
2026-04-24 19:31:58,237 INFO o.a.j.p.h.s.HTTPSamplerBase: Parser for text/css is org.apache.jmeter.protocol.http.parser.CssParser
2026-04-24 19:31:58,265 INFO o.a.j.JMeter: Creating summariser <summary>
2026-04-24 19:31:58,273 INFO o.a.j.r.d.ReportGenerator: ReportGenerator will use for Parsing the separator: ','
2026-04-24 19:31:58,274 INFO o.a.j.r.d.ReportGenerator: Will generate report at end of test from  results file: C:\Users\user\IdeaProjects\Final_Internship_Projects\para_bank/target/jmeter_results_20260424_193155.jtl
2026-04-24 19:31:58,274 INFO o.a.j.r.d.ReportGenerator: Reading report generator properties from: C:\Users\user\Downloads\apache-jmeter-5.6.3\bin\reportgenerator.properties
2026-04-24 19:31:58,275 INFO o.a.j.r.d.ReportGenerator: Merging with JMeter properties
2026-04-24 19:31:58,282 INFO o.a.j.r.c.ReportGeneratorConfiguration: Property 'jmeter.reportgenerator.temp_dir' not found, using default value 'temp' instead.
2026-04-24 19:31:58,285 INFO o.a.j.r.c.ReportGeneratorConfiguration: Property 'jmeter.reportgenerator.apdex_per_transaction' not found, using default value 'null' instead.
2026-04-24 19:31:58,286 INFO o.a.j.r.c.ReportGeneratorConfiguration: apdex_per_transaction is empty, not APDEX per transaction customization
2026-04-24 19:31:58,286 INFO o.a.j.r.c.ReportGeneratorConfiguration: Property 'jmeter.reportgenerator.sample_filter' not found, using default value 'null' instead.
2026-04-24 19:31:58,286 INFO o.a.j.r.c.ReportGeneratorConfiguration: Property 'jmeter.reportgenerator.report_title' not found, using default value 'null' instead.
2026-04-24 19:31:58,286 INFO o.a.j.r.c.ReportGeneratorConfiguration: Property 'jmeter.reportgenerator.start_date' not found, using default value 'null' instead.
2026-04-24 19:31:58,286 INFO o.a.j.r.c.ReportGeneratorConfiguration: Property 'jmeter.reportgenerator.end_date' not found, using default value 'null' instead.
2026-04-24 19:31:58,286 INFO o.a.j.r.c.ReportGeneratorConfiguration: Property 'jmeter.reportgenerator.date_format' not found, using default value 'null' instead.
2026-04-24 19:31:58,287 INFO o.a.j.r.c.ReportGeneratorConfiguration: Will use date range start date: null, end date: null
2026-04-24 19:31:58,293 INFO o.a.j.r.c.ReportGeneratorConfiguration: Property 'jmeter.reportgenerator.graph.totalTPS.exclude_controllers' not found, using default value 'false' instead.
2026-04-24 19:31:58,293 INFO o.a.j.r.c.ReportGeneratorConfiguration: Property 'jmeter.reportgenerator.graph.activeThreadsOverTime.exclude_controllers' not found, using default value 'false' instead.
2026-04-24 19:31:58,294 INFO o.a.j.r.c.ReportGeneratorConfiguration: Property 'jmeter.reportgenerator.graph.timeVsThreads.exclude_controllers' not found, using default value 'false' instead.
2026-04-24 19:31:58,294 INFO o.a.j.r.c.ReportGeneratorConfiguration: Property 'jmeter.reportgenerator.graph.responseTimeDistribution.exclude_controllers' not found, using default value 'false' instead.
2026-04-24 19:31:58,294 INFO o.a.j.r.c.ReportGeneratorConfiguration: Property 'jmeter.reportgenerator.graph.transactionsPerSecond.exclude_controllers' not found, using default value 'false' instead.
2026-04-24 19:31:58,295 INFO o.a.j.r.c.ReportGeneratorConfiguration: Property 'jmeter.reportgenerator.graph.responseTimePercentiles.exclude_controllers' not found, using default value 'false' instead.
2026-04-24 19:31:58,295 INFO o.a.j.r.c.ReportGeneratorConfiguration: Property 'jmeter.reportgenerator.graph.responseTimePercentilesOverTime.exclude_controllers' not found, using default value 'false' instead.
2026-04-24 19:31:58,296 INFO o.a.j.r.c.ReportGeneratorConfiguration: Property 'jmeter.reportgenerator.graph.responseTimesOverTime.exclude_controllers' not found, using default value 'false' instead.
2026-04-24 19:31:58,296 INFO o.a.j.r.c.ReportGeneratorConfiguration: Property 'jmeter.reportgenerator.graph.connectTimeOverTime.exclude_controllers' not found, using default value 'false' instead.
2026-04-24 19:31:58,296 INFO o.a.j.r.c.ReportGeneratorConfiguration: Property 'jmeter.reportgenerator.graph.latenciesOverTime.exclude_controllers' not found, using default value 'false' instead.
2026-04-24 19:31:58,298 INFO o.a.j.r.c.ReportGeneratorConfiguration: Property 'jmeter.reportgenerator.exporter.json.filters_only_sample_series' not found, using default value 'true' instead.
2026-04-24 19:31:58,298 INFO o.a.j.r.c.ReportGeneratorConfiguration: Property 'jmeter.reportgenerator.exporter.json.series_filter' not found, using default value '' instead.
2026-04-24 19:31:58,298 INFO o.a.j.r.c.ReportGeneratorConfiguration: Property 'jmeter.reportgenerator.exporter.json.show_controllers_only' not found, using default value 'false' instead.
2026-04-24 19:31:58,299 INFO o.a.j.r.c.ReportGeneratorConfiguration: Property 'jmeter.reportgenerator.exporter.html.filters_only_sample_series' not found, using default value 'true' instead.
2026-04-24 19:31:58,299 INFO o.a.j.r.c.ReportGeneratorConfiguration: Property 'jmeter.reportgenerator.exporter.html.series_filter' not found, using default value '' instead.
2026-04-24 19:31:58,299 INFO o.a.j.r.c.ReportGeneratorConfiguration: Property 'jmeter.reportgenerator.exporter.html.show_controllers_only' not found, using default value 'false' instead.
2026-04-24 19:31:58,318 INFO o.a.j.e.StandardJMeterEngine: Running the test!
2026-04-24 19:31:58,319 INFO o.a.j.s.SampleEvent: List of sample_variables: []
2026-04-24 19:31:58,320 INFO o.a.j.s.SampleEvent: List of sample_variables: []
2026-04-24 19:31:58,329 INFO o.a.j.e.u.CompoundVariable: Note: Function class names must contain the string: '.functions.'
2026-04-24 19:31:58,329 INFO o.a.j.e.u.CompoundVariable: Note: Function class names must not contain the string: '.gui.'
2026-04-24 19:31:58,467 INFO o.a.j.JMeter: Running test (1777039318467)
2026-04-24 19:31:58,506 INFO o.a.j.e.StandardJMeterEngine: Starting ThreadGroup: 1 : API Users
2026-04-24 19:31:58,507 INFO o.a.j.e.StandardJMeterEngine: Starting 5 threads for group API Users.
2026-04-24 19:31:58,507 INFO o.a.j.e.StandardJMeterEngine: Thread will continue on error
2026-04-24 19:31:58,507 INFO o.a.j.t.ThreadGroup: Starting thread group... number=1 threads=5 ramp-up=2 delayedStart=false
2026-04-24 19:31:58,518 INFO o.a.j.t.ThreadGroup: Started thread group number 1
2026-04-24 19:31:58,519 INFO o.a.j.e.StandardJMeterEngine: All thread groups have been started
2026-04-24 19:31:58,522 INFO o.a.j.t.JMeterThread: Thread started: API Users 1-1
2026-04-24 19:31:58,555 INFO o.a.j.p.h.s.HTTPHCAbstractImpl: Local host = DESKTOP-N52FEAH
2026-04-24 19:31:58,568 INFO o.a.j.p.h.s.HTTPHC4Impl: HTTP request retry count = 0
2026-04-24 19:31:58,571 INFO o.a.j.s.SampleResult: Note: Sample TimeStamps are START times
2026-04-24 19:31:58,571 INFO o.a.j.s.SampleResult: sampleresult.default.encoding is set to UTF-8
2026-04-24 19:31:58,571 INFO o.a.j.s.SampleResult: sampleresult.useNanoTime=true
2026-04-24 19:31:58,571 INFO o.a.j.s.SampleResult: sampleresult.nanoThreadSleep=5000
2026-04-24 19:31:58,740 INFO o.a.j.p.h.s.h.LazyLayeredConnectionSocketFactory: Setting up HTTPS TrustAll Socket Factory
2026-04-24 19:31:58,749 INFO o.a.j.u.JsseSSLManager: Using default SSL protocol: TLS
2026-04-24 19:31:58,749 INFO o.a.j.u.JsseSSLManager: SSL session context: per-thread
2026-04-24 19:31:58,916 INFO o.a.j.u.SSLManager: JmeterKeyStore Location:  type JKS
2026-04-24 19:31:58,920 INFO o.a.j.t.JMeterThread: Thread started: API Users 1-2
2026-04-24 19:31:58,926 INFO o.a.j.u.SSLManager: KeyStore created OK
2026-04-24 19:31:58,927 WARN o.a.j.u.SSLManager: Keystore file not found, loading empty keystore
2026-04-24 19:31:59,317 INFO o.a.j.t.JMeterThread: Thread started: API Users 1-3
2026-04-24 19:31:59,714 INFO o.a.j.t.JMeterThread: Thread started: API Users 1-4
2026-04-24 19:31:59,944 INFO o.a.j.t.JMeterThread: Thread is done: API Users 1-2
2026-04-24 19:31:59,945 INFO o.a.j.t.JMeterThread: Thread finished: API Users 1-2
2026-04-24 19:31:59,945 INFO o.a.j.t.JMeterThread: Thread is done: API Users 1-3
2026-04-24 19:31:59,946 INFO o.a.j.t.JMeterThread: Thread finished: API Users 1-3
2026-04-24 19:32:00,102 INFO o.a.j.r.Summariser: summary +      3 in 00:00:02 =    1.8/s Avg:  1013 Min:   621 Max:  1404 Err:     0 (0.00%) Active: 2 Started: 4 Finished: 2
2026-04-24 19:32:00,102 INFO o.a.j.t.JMeterThread: Thread is done: API Users 1-1
2026-04-24 19:32:00,102 INFO o.a.j.t.JMeterThread: Thread finished: API Users 1-1
2026-04-24 19:32:00,114 INFO o.a.j.t.JMeterThread: Thread started: API Users 1-5
2026-04-24 19:32:00,287 INFO o.a.j.t.JMeterThread: Thread is done: API Users 1-4
2026-04-24 19:32:00,287 INFO o.a.j.t.JMeterThread: Thread finished: API Users 1-4
2026-04-24 19:32:00,589 INFO o.a.j.t.JMeterThread: Thread is done: API Users 1-5
2026-04-24 19:32:00,589 INFO o.a.j.t.JMeterThread: Thread finished: API Users 1-5
2026-04-24 19:32:00,591 INFO o.a.j.e.StandardJMeterEngine: Notifying test listeners of end of test
2026-04-24 19:32:00,595 INFO o.a.j.r.Summariser: summary +      2 in 00:00:00 =    4.0/s Avg:   521 Min:   473 Max:   570 Err:     0 (0.00%) Active: 0 Started: 5 Finished: 5
2026-04-24 19:32:00,597 INFO o.a.j.r.Summariser: summary =      5 in 00:00:02 =    2.3/s Avg:   816 Min:   473 Max:  1404 Err:     0 (0.00%)
2026-04-24 19:32:00,598 INFO o.a.j.JMeter: Generating Dashboard
2026-04-24 19:32:00,599 INFO o.a.j.r.d.ReportGenerator: Flushing result collector before report Generation
2026-04-24 19:32:00,644 INFO o.a.j.r.p.NormalizerSampleConsumer: Using format, 'ms', to parse timeStamp field
2026-04-24 19:32:00,748 INFO o.a.j.r.p.AbstractSampleConsumer: class org.apache.jmeter.report.processor.AggregateConsumer#stopProducing(): beginDate produced 0 samples
2026-04-24 19:32:00,749 INFO o.a.j.r.p.AbstractSampleConsumer: class org.apache.jmeter.report.processor.AggregateConsumer#stopProducing(): endDate produced 0 samples
2026-04-24 19:32:00,755 INFO o.a.j.r.p.AbstractSampleConsumer: class org.apache.jmeter.report.processor.ApdexSummaryConsumer#stopProducing(): apdexSummary produced 0 samples
2026-04-24 19:32:00,755 INFO o.a.j.r.p.AbstractSampleConsumer: class org.apache.jmeter.report.processor.RequestsSummaryConsumer#stopProducing(): requestsSummary produced 0 samples
2026-04-24 19:32:00,766 INFO o.a.j.r.p.AbstractSampleConsumer: class org.apache.jmeter.report.processor.StatisticsSummaryConsumer#stopProducing(): statisticsSummary produced 0 samples
2026-04-24 19:32:00,769 INFO o.a.j.r.p.AbstractSampleConsumer: class org.apache.jmeter.report.processor.Top5ErrorsBySamplerConsumer#stopProducing(): top5ErrorsBySampler produced 0 samples
2026-04-24 19:32:00,769 INFO o.a.j.r.p.AbstractSampleConsumer: class org.apache.jmeter.report.processor.ErrorsSummaryConsumer#stopProducing(): errorsSummary produced 0 samples
2026-04-24 19:32:00,769 INFO o.a.j.r.p.AbstractSampleConsumer: class org.apache.jmeter.report.processor.graph.impl.HitsPerSecondGraphConsumer#stopProducing(): hitsPerSecond produced 0 samples
2026-04-24 19:32:00,797 INFO o.a.j.r.p.AbstractSampleConsumer: class org.apache.jmeter.report.processor.graph.impl.LatencyVSRequestGraphConsumer#stopProducing(): latencyVsRequest produced 0 samples
2026-04-24 19:32:00,798 INFO o.a.j.r.p.AbstractSampleConsumer: class org.apache.jmeter.report.processor.graph.impl.SyntheticResponseTimeDistributionGraphConsumer#stopProducing(): syntheticResponseTimeDistribution produced 0 samples
2026-04-24 19:32:00,799 INFO o.a.j.r.p.AbstractSampleConsumer: class org.apache.jmeter.report.processor.graph.impl.BytesThroughputGraphConsumer#stopProducing(): bytesThroughputOverTime produced 0 samples
2026-04-24 19:32:00,799 INFO o.a.j.r.p.AbstractSampleConsumer: class org.apache.jmeter.report.processor.graph.impl.CodesPerSecondGraphConsumer#stopProducing(): codesPerSecond produced 0 samples
2026-04-24 19:32:00,809 INFO o.a.j.r.p.AbstractSampleConsumer: class org.apache.jmeter.report.processor.graph.impl.ResponseTimeVSRequestGraphConsumer#stopProducing(): responseTimeVsRequest produced 0 samples
2026-04-24 19:32:00,809 INFO o.a.j.r.p.AbstractSampleConsumer: class org.apache.jmeter.report.processor.FilterConsumer#stopProducing(): startIntervalControlerFilter produced 35 samples
2026-04-24 19:32:00,810 INFO o.a.j.r.p.AbstractSampleConsumer: class org.apache.jmeter.report.processor.graph.impl.TotalTPSGraphConsumer#stopProducing(): totalTPS produced 0 samples
2026-04-24 19:32:00,810 INFO o.a.j.r.p.AbstractSampleConsumer: class org.apache.jmeter.report.processor.graph.impl.ActiveThreadsGraphConsumer#stopProducing(): activeThreadsOverTime produced 0 samples
2026-04-24 19:32:00,810 INFO o.a.j.r.p.AbstractSampleConsumer: class org.apache.jmeter.report.processor.graph.impl.TimeVSThreadGraphConsumer#stopProducing(): timeVsThreads produced 0 samples
2026-04-24 19:32:00,811 INFO o.a.j.r.p.AbstractSampleConsumer: class org.apache.jmeter.report.processor.graph.impl.ResponseTimeDistributionGraphConsumer#stopProducing(): responseTimeDistribution produced 0 samples
2026-04-24 19:32:00,811 INFO o.a.j.r.p.AbstractSampleConsumer: class org.apache.jmeter.report.processor.graph.impl.TransactionsPerSecondGraphConsumer#stopProducing(): transactionsPerSecond produced 0 samples
2026-04-24 19:32:00,811 INFO o.a.j.r.p.AbstractSampleConsumer: class org.apache.jmeter.report.processor.graph.impl.ResponseTimePercentilesGraphConsumer#stopProducing(): responseTimePercentiles produced 0 samples
2026-04-24 19:32:00,812 INFO o.a.j.r.p.AbstractSampleConsumer: class org.apache.jmeter.report.processor.graph.impl.ResponseTimePercentilesOverTimeGraphConsumer#stopProducing(): responseTimePercentilesOverTime produced 0 samples
2026-04-24 19:32:00,813 INFO o.a.j.r.p.AbstractSampleConsumer: class org.apache.jmeter.report.processor.graph.impl.ResponseTimeOverTimeGraphConsumer#stopProducing(): responseTimesOverTime produced 0 samples
2026-04-24 19:32:00,813 INFO o.a.j.r.p.AbstractSampleConsumer: class org.apache.jmeter.report.processor.graph.impl.ConnectTimeOverTimeGraphConsumer#stopProducing(): connectTimeOverTime produced 0 samples
2026-04-24 19:32:00,813 INFO o.a.j.r.p.AbstractSampleConsumer: class org.apache.jmeter.report.processor.graph.impl.LatencyOverTimeGraphConsumer#stopProducing(): latenciesOverTime produced 0 samples
2026-04-24 19:32:00,813 INFO o.a.j.r.p.AbstractSampleConsumer: class org.apache.jmeter.report.processor.FilterConsumer#stopProducing(): nameFilter produced 75 samples
2026-04-24 19:32:00,813 INFO o.a.j.r.p.AbstractSampleConsumer: class org.apache.jmeter.report.processor.FilterConsumer#stopProducing(): dateRangeFilter produced 15 samples
2026-04-24 19:32:00,813 INFO o.a.j.r.p.AbstractSampleConsumer: class org.apache.jmeter.report.processor.NormalizerSampleConsumer#stopProducing(): normalizer produced 5 samples
2026-04-24 19:32:00,814 INFO o.a.j.r.p.CsvFileSampleSource: produce(): 5 samples produced in 120ms on channel 0
2026-04-24 19:32:00,814 INFO o.a.j.r.d.ReportGenerator: Exporting data using exporter:'json' of className:'org.apache.jmeter.report.dashboard.JsonExporter'
2026-04-24 19:32:00,976 INFO o.a.j.r.d.JsonExporter: Found data for consumer statisticsSummary in context
2026-04-24 19:32:00,976 INFO o.a.j.r.d.JsonExporter: Creating statistics for overall
2026-04-24 19:32:00,976 INFO o.a.j.r.d.JsonExporter: Creating statistics for other transactions
2026-04-24 19:32:00,976 INFO o.a.j.r.d.JsonExporter: Checking output folder
2026-04-24 19:32:00,977 INFO o.a.j.r.d.JsonExporter: Writing statistics JSON to C:\Users\user\IdeaProjects\Final_Internship_Projects\para_bank\target\HTML_Report_20260424_193155\statistics.json
2026-04-24 19:32:01,069 INFO o.a.j.r.d.ReportGenerator: Exporting data using exporter:'html' of className:'org.apache.jmeter.report.dashboard.HtmlTemplateExporter'
2026-04-24 19:32:01,073 INFO o.a.j.r.d.HtmlTemplateExporter: Will generate dashboard in folder: C:\Users\user\IdeaProjects\Final_Internship_Projects\para_bank\target\HTML_Report_20260424_193155
2026-04-24 19:32:01,254 INFO o.a.j.r.d.HtmlTemplateExporter: Report will be generated in: C:\Users\user\IdeaProjects\Final_Internship_Projects\para_bank\target\HTML_Report_20260424_193155, creating folder structure
2026-04-24 19:32:01,258 INFO o.a.j.r.d.TemplateVisitor: Copying folder from 'C:\Users\user\Downloads\apache-jmeter-5.6.3\bin\report-template' to 'C:\Users\user\IdeaProjects\Final_Internship_Projects\para_bank\target\HTML_Report_20260424_193155', got message: C:\Users\user\IdeaProjects\Final_Internship_Projects\para_bank\target\HTML_Report_20260424_193155, found non empty folder with following content [C:\Users\user\IdeaProjects\Final_Internship_Projects\para_bank\target\HTML_Report_20260424_193155\statistics.json], will be ignored
2026-04-24 19:32:01,928 INFO o.a.j.JMeter: Dashboard generated
